0
1
2
3
6
12
24
48
96
192
384
768
1536
3072
6144
12288
24576
16384
24577
16386
4
16387
6
12
24
48
96
192
384
768
1536
3072
6144
12288
24576
16384
24577
16386
4
16387
6
12
24
48
96
192
384
768
1536
3072
6144
12288
24576
16384
24577
16386
4
16387
6
12
24
48
96
192
384
768
1536
3072
6144
12288
24576
16384
24577
16386
4
16387
6
12
24
48
96
192
384
768
1536
3072
6144
12288
24576
16384
24577
16386
4
16387
6
12
24
48
96
192
384
768
1536
3072
6144
12288
24576
16384
24577
16386
4
16387
6
12
24
48
96
192
384
768
1536
3072
6144
12288
24576
16384
24577
16386
4
16387
6
12
24
48
96
192
384
768
1536
3072
6144
12288
24576
16384
24577
16386
4
16387
6
12
24
48
96
192
384
768
1536
3072
6144
12288
24576
16384
24577
16386
4
16387
6
12
24
48
96
192
384
768
1536
3072
6144
12288
24576
16384
24577
16386
4
16387
6
12
24
48
96
192
384
768
1536
3072
6144
12288
24576
16384
24577
16386
4
16387
6
12
24
48
96
192
384
768
1536
3072
6144
12288
24576
16384
24577
16386
4
16387
6
12
24
48
96
192
384
768
1536
3072
6144
12288
24576
16384
24577
16386
4
16387
6
12
24
48
96
192
384
768
1536
3072
6144
12288
24576
16384
24577
16386
4
16387
6
12
24
48
96
192
384
768
1536
3072
6144
12288
24576
16384
24577
16386
4
16387
6
12
24
48
96
192
384
768
1536
3072
6144
12288
24576
16384
24577
16386
4
16387
6
12
24
48
96
192
384
768
1536
3072
6144
12288
24576
16384
24577
16386
4
16387
6
12
24
48
96
192
384
768
1536
3072
6144
12288
24576
16384
24577
16386
4
16387
6
12
24
48
96
192
384
768
1536
3072
6144
12288
24576
16384
24577
16386
4
16387
6
12
24
48
96
192
384
768
1536
3072
6144
12288
24576
16384
24577
16386
4
16387
6
12
24
48
96
192
384
768
1536
3072
6144
12288
24576
16384
24577
16386
4
16387
6
12
24
48
96
192
384
768
1536
3072
6144
12288
24576
16384
24577
16386
4
16387
6
12
24
48
96
192
384
768
1536
3072
6144
12288
24576
16384
24577
16386
4
16387
6
12
24
48
96
192
384
768
1536
3072
6144
12288
24576
16384
24577
16386
4
16387
6
12
24
48
96
192
384
768
1536
3072
6144
12288
24576
16384
24577
16386
4
16387
6
12
24
48
96
192
384
768
1536
3072
6144
12288
24576
16384
24577
16386
4
16387
6
12
24
48
96
192
384
768
1536
3072
6144
12288
24576
16384
24577
16386
4
16387
6
12
24
48
96
192
384
768
1536
3072
6144
12288
24576
16384
24577
16386
4
16387
6
12
24
48
96
192
384
768
1536
3072
6144
12288
24576
16384
24577
16386
4
16387
6
12
24
48
96
192
384
768
1536
3072
6144
12288
24576
16384
24577
16386
4
16387
6
12
24
48
96
192
384
768
1536
3072
6144
12288
24576
16384
24577
16386
4
16387
6
12
24
48
96
192
384
768
1536
3072
6144
12288
24576
16384
24577
16386
4
16387
6
12
24
48
96
192
384
768
1536
3072
6144
12288
24576
16384
24577
16386
4
16387
6
12
24
48
96
192
384
768
1536
3072
6144
12288
24576
16384
24577
16386
4
16387
6
12
24
48
96
192
384
768
1536
3072
6144
12288
24576
16384
24577
16386
4
16387
6
12
24
48
96
192
384
768
1536
3072
6144
12288
24576
16384
24577
16386
4
16387
6
12
24
48
96
192
384
768
1536
3072
6144
12288
24576
16384
24577
16386
4
16387
6
12
24
48
96
192
384
768
1536
3072
6144
12288
24576
16384
24577
16386
4
16387
6
12
24
48
96
192
384
768
1536
3072
6144
12288
24576
16384
24577
16386
4
16387
6
12
24
48
96
192
384
768
1536
3072
6144
12288
24576
16384
24577
16386
4
16387
6
12
24
48
96
192
384
768
1536
3072
6144
12288
24576
16384
24577
16386
4
16387
6
12
24
48
96
192
384
768
1536
3072
6144
12288
24576
16384
24577
16386
4
16387
6
12
24
48
96
192
384
768
1536
3072
6144
12288
24576
16384
24577
16386
4
16387
6
12
24
48
96
192
384
768
1536
3072
6144
12288
24576
16384
24577
16386
4
16387
6
12
24
48
96
192
384
768
1536
3072
6144
12288
24576
16384
24577
16386
4
16387
6
12
24
48
96
192
384
768
1536
3072
6144
12288
24576
16384
24577
16386
4
16387
6
12
24
48
96
192
384
768
1536
3072
6144
12288
24576
16384
24577
16386
4
16387
6
12
24
48
96
192
384
768
1536
3072
6144
12288
24576
16384
24577
16386
4
16387
6
12
24
48
96
192
384
768
1536
3072
6144
12288
24576
16384
24577
16386
4
16387
6
12
24
48
96
192
384
768
1536
3072
6144
12288
24576
16384
24577
16386
4
16387
6
12
24
48
96
192
384
768
1536
3072
6144
12288
24576
16384
24577
16386
4
16387
6
12
24
48
96
192
384
768
1536
3072
6144
12288
24576
16384
24577
16386
4
16387
6
12
24
48
96
192
384
768
1536
3072
6144
12288
24576
16384
24577
16386
4
16387
6
12
24
48
96
192
384
768
1536
3072
6144
12288
24576
16384
24577
16386
4
16387
6
12
24
48
96
192
384
768
1536
3072
6144
12288
24576
16384
24577
16386
4
16387
6
12
24
48
96
192
384
768
1536
3072
6144
12288
24576
16384
24577
16386
4
16387
6
12
24
48
96
192
384
768
1536
3072
6144
12288
24576
16384
24577
16386
4
16387
6
12
24
48
96
192
384
768
1536
3072
6144
12288
24576
16384
24577
16386
4
16387
6
12
24
48
96
192
384
768
1536
3072
6144
12288
24576
16384
24577
16386
4
16387
6
12
24
48
96
192
384
768
1536
3072
6144
12288
24576
16384
24577
16386
4
16387
6
12
24
48
96
192
384
768
1536
3072
6144
12288
24576
16384
24577
16386
4
16387
6
12
24
48
96
192
384
768
1536
3072
6144
12288
24576
16384
24577
16386
4
16387
6
12
24
48
96
192
